<?xml version="1.0" encoding="UTF-8"?>
<!-- Generated by org.testng.reporters.JUnitXMLReporter -->
<testsuite hostname="LAPTOP-1BCNC8E0" ignored="0" name="Test" tests="4" failures="0" timestamp="2021-06-30T13:30:35 SGT" time="0.06" errors="0">
  <testcase name="IOSApps" time="0.005" classname="qaclickacademy.AppiumTest"/>
  <testcase name="NativeAPAndroid" time="0.0" classname="qaclickacademy.AppiumTest"/>
  <testcase name="BrowserAutomation" time="0.001" classname="qaclickacademy.SeleniumTest"/>
  <testcase name="elementUI" time="0.001" classname="qaclickacademy.SeleniumTest"/>
</testsuite> <!-- Test -->
