<?xml version="1.0" encoding="UTF-8"?>
<testng-results ignored="0" total="2" passed="2" failed="0" skipped="0">
  <reporter-output>
  </reporter-output>
  <suite started-at="2021-06-30T12:53:55 MYT" name="Default suite" finished-at="2021-06-30T12:53:55 MYT" duration-ms="76">
    <groups>
    </groups>
    <test started-at="2021-06-30T12:53:55 MYT" name="Default test" finished-at="2021-06-30T12:53:55 MYT" duration-ms="76">
      <class name="qaclickacademy.SeleniumTest">
        <test-method signature="BrowserAutomation()[pri:0, instance:qaclickacademy.SeleniumTest@4bb33f74]" started-at="2021-06-30T12:53:55 MYT" name="BrowserAutomation" finished-at="2021-06-30T12:53:55 MYT" duration-ms="12" status="PASS">
          <reporter-output>
          </reporter-output>
        </test-method> <!-- BrowserAutomation -->
        <test-method signature="elementUI()[pri:0, instance:qaclickacademy.SeleniumTest@4bb33f74]" started-at="2021-06-30T12:53:55 MYT" name="elementUI" finished-at="2021-06-30T12:53:55 MYT" duration-ms="1" status="PASS">
          <reporter-output>
          </reporter-output>
        </test-method> <!-- elementUI -->
      </class> <!-- qaclickacademy.SeleniumTest -->
    </test> <!-- Default test -->
  </suite> <!-- Default suite -->
</testng-results>
